{"C:\\Users\\gabri\\OneDrive\\Área de Trabalho\\JavaScript\\Fullstack-Master\\Semana-01\\convertmymoney\\lib\\apiConvert.js": {"path":"C:\\Users\\gabri\\OneDrive\\Área de Trabalho\\JavaScript\\Fullstack-Master\\Semana-01\\convertmymoney\\lib\\apiConvert.js","statementMap":{"0":{"start":{"line":1,"column":14},"end":{"line":1,"column":30}},"1":{"start":{"line":2,"column":15},"end":{"line":2,"column":224}},"2":{"start":{"line":2,"column":23},"end":{"line":2,"column":224}},"3":{"start":{"line":3,"column":24},"end":{"line":3,"column":45}},"4":{"start":{"line":3,"column":31},"end":{"line":3,"column":45}},"5":{"start":{"line":4,"column":25},"end":{"line":4,"column":62}},"6":{"start":{"line":4,"column":32},"end":{"line":4,"column":62}},"7":{"start":{"line":6,"column":17},"end":{"line":9,"column":1}},"8":{"start":{"line":7,"column":16},"end":{"line":7,"column":26}},"9":{"start":{"line":8,"column":2},"end":{"line":8,"column":82}},"10":{"start":{"line":11,"column":21},"end":{"line":22,"column":1}},"11":{"start":{"line":11,"column":31},"end":{"line":22,"column":1}},"12":{"start":{"line":12,"column":2},"end":{"line":21,"column":3}},"13":{"start":{"line":13,"column":68},"end":{"line":13,"column":72}},"14":{"start":{"line":14,"column":18},"end":{"line":14,"column":28}},"15":{"start":{"line":15,"column":16},"end":{"line":15,"column":29}},"16":{"start":{"line":16,"column":16},"end":{"line":16,"column":42}},"17":{"start":{"line":17,"column":22},"end":{"line":17,"column":43}},"18":{"start":{"line":18,"column":4},"end":{"line":18,"column":21}},"19":{"start":{"line":20,"column":4},"end":{"line":20,"column":22}},"20":{"start":{"line":24,"column":0},"end":{"line":33,"column":1}}},"fnMap":{"0":{"name":"(anonymous_0)","decl":{"start":{"line":2,"column":15},"end":{"line":2,"column":16}},"loc":{"start":{"line":2,"column":23},"end":{"line":2,"column":224}},"line":2},"1":{"name":"(anonymous_1)","decl":{"start":{"line":3,"column":24},"end":{"line":3,"column":25}},"loc":{"start":{"line":3,"column":31},"end":{"line":3,"column":45}},"line":3},"2":{"name":"(anonymous_2)","decl":{"start":{"line":4,"column":25},"end":{"line":4,"column":26}},"loc":{"start":{"line":4,"column":32},"end":{"line":4,"column":62}},"line":4},"3":{"name":"(anonymous_3)","decl":{"start":{"line":6,"column":17},"end":{"line":6,"column":18}},"loc":{"start":{"line":6,"column":23},"end":{"line":9,"column":1}},"line":6},"4":{"name":"(anonymous_4)","decl":{"start":{"line":11,"column":21},"end":{"line":11,"column":22}},"loc":{"start":{"line":11,"column":31},"end":{"line":22,"column":1}},"line":11},"5":{"name":"(anonymous_5)","decl":{"start":{"line":11,"column":31},"end":{"line":11,"column":32}},"loc":{"start":{"line":11,"column":42},"end":{"line":22,"column":1}},"line":11}},"branchMap":{},"s":{"0":1,"1":1,"2":1,"3":1,"4":1,"5":1,"6":1,"7":1,"8":1,"9":1,"10":1,"11":3,"12":2,"13":2,"14":2,"15":2,"16":2,"17":1,"18":1,"19":1,"20":1},"f":{"0":1,"1":1,"2":1,"3":1,"4":3,"5":2},"b":{},"_coverageSchema":"1a1c01bbd47fc00a2c39e90264f33305004495a9","hash":"2922656ed06689d5988c824ab32957e8236506bf"}
,"C:\\Users\\gabri\\OneDrive\\Área de Trabalho\\JavaScript\\Fullstack-Master\\Semana-01\\convertmymoney\\lib\\convert.js": {"path":"C:\\Users\\gabri\\OneDrive\\Área de Trabalho\\JavaScript\\Fullstack-Master\\Semana-01\\convertmymoney\\lib\\convert.js","statementMap":{"0":{"start":{"line":1,"column":16},"end":{"line":3,"column":1}},"1":{"start":{"line":2,"column":2},"end":{"line":2,"column":30}},"2":{"start":{"line":5,"column":16},"end":{"line":7,"column":1}},"3":{"start":{"line":6,"column":2},"end":{"line":6,"column":38}},"4":{"start":{"line":9,"column":0},"end":{"line":12,"column":1}}},"fnMap":{"0":{"name":"(anonymous_0)","decl":{"start":{"line":1,"column":16},"end":{"line":1,"column":17}},"loc":{"start":{"line":1,"column":41},"end":{"line":3,"column":1}},"line":1},"1":{"name":"(anonymous_1)","decl":{"start":{"line":5,"column":16},"end":{"line":5,"column":17}},"loc":{"start":{"line":5,"column":25},"end":{"line":7,"column":1}},"line":5}},"branchMap":{},"s":{"0":1,"1":2,"2":1,"3":2,"4":1},"f":{"0":2,"1":2},"b":{},"_coverageSchema":"1a1c01bbd47fc00a2c39e90264f33305004495a9","hash":"f959547a1e1870a15d12f84e17dccb6b05d1ea9e"}
}
